<?xml version="1.0" encoding="UTF-8"?>
<!-- Generated by org.testng.reporters.JUnitReportReporter -->
<testsuite skipped="0" hostname="MacBook-Pro-Zamira.local" name="com.practice.MyPropFileReading" tests="1" failures="0" timestamp="2020-01-19T14:56:41 EST" time="0.010" errors="0">
  <testcase name="read" time="0.010" classname="com.practice.MyPropFileReading"/>
</testsuite> <!-- com.practice.MyPropFileReading -->
