<?xml version="1.0" encoding="UTF-8"?>
<!-- Generated by org.testng.reporters.JUnitReportReporter -->
<testsuite skipped="0" hostname="MacBook-Pro-Zamira.local" name="com.testcases.LoginPageTest" tests="2" failures="0" timestamp="2020-01-19T11:43:37 EST" time="12.709" errors="0">
  <testcase name="login" time="5.487" classname="com.testcases.LoginPageTest"/>
  <testcase name="negativeLogin" time="7.222" classname="com.testcases.LoginPageTest"/>
</testsuite> <!-- com.testcases.LoginPageTest -->
