<?xml version="1.0" encoding="UTF-8"?>
<!-- Generated by org.testng.reporters.JUnitReportReporter -->
<testsuite skipped="0" hostname="MacBook-Pro-Zamira.local" name="com.practice.TimeStamp" tests="1" failures="0" timestamp="2020-01-25T13:24:37 EST" time="0.030" errors="0">
  <testcase name="getTime" time="0.030" classname="com.practice.TimeStamp"/>
</testsuite> <!-- com.practice.TimeStamp -->
