<?xml version="1.0" encoding="UTF-8"?>
<!-- Generated by org.testng.reporters.JUnitReportReporter -->
<testsuite skipped="0" hostname="MacBook-Pro-Zamira.local" name="com.practice.XLReading" tests="1" failures="0" timestamp="2020-01-22T09:52:46 EST" time="0.482" errors="0">
  <testcase name="read" time="0.482" classname="com.practice.XLReading"/>
</testsuite> <!-- com.practice.XLReading -->
