<?xml version="1.0" encoding="UTF-8"?>
<!-- Generated by org.testng.reporters.JUnitReportReporter -->
<testsuite skipped="0" hostname="MacBook-Pro-Zamira.local" name="com.hrms.testcases.DashboardPageTest" tests="2" failures="0" timestamp="2020-01-20T19:36:15 EST" time="12.793" errors="0">
  <testcase name="validationEmpHasAdded" time="8.048" classname="com.hrms.testcases.DashboardPageTest"/>
  <testcase name="welcome" time="4.745" classname="com.hrms.testcases.DashboardPageTest"/>
</testsuite> <!-- com.hrms.testcases.DashboardPageTest -->
