<?xml version="1.0" encoding="UTF-8"?>
<!-- Generated by org.testng.reporters.JUnitReportReporter -->
<testsuite skipped="0" hostname="MacBook-Pro-Zamira.local" name="com.test.cases.LoginPageTest" tests="1" failures="0" timestamp="2020-01-18T15:31:38 EST" time="4.768" errors="0">
  <testcase name="login" time="4.768" classname="com.test.cases.LoginPageTest"/>
</testsuite> <!-- com.test.cases.LoginPageTest -->
