<?xml version="1.0" encoding="UTF-8"?>
<!-- Generated by org.testng.reporters.JUnitReportReporter -->
<testsuite skipped="0" hostname="MacBook-Pro-Zamira.local" name="com.testcases.DashboardPageTest" tests="1" failures="0" timestamp="2020-01-18T22:38:29 EST" time="4.575" errors="0">
  <testcase name="welcome" time="4.575" classname="com.testcases.DashboardPageTest"/>
</testsuite> <!-- com.testcases.DashboardPageTest -->
