<?xml version="1.0" encoding="UTF-8"?>
<!-- Generated by org.testng.reporters.JUnitReportReporter -->
<testsuite skipped="0" hostname="MacBook-Pro-Zamira.local" name="com.practice.Testing" tests="1" failures="0" timestamp="2020-02-05T20:58:28 EST" time="0.000" errors="0">
  <testcase name="testing" time="0.000" classname="com.practice.Testing"/>
</testsuite> <!-- com.practice.Testing -->
